0 info it worked if it ends with ok
1 verbose cli [ '/usr/bin/node', '/usr/bin/npm', 'install', '-g', 'livedown' ]
2 info using npm@1.4.28
3 info using node@v0.10.37
4 verbose node symlink /usr/bin/node
5 verbose cache add [ 'livedown', null ]
6 verbose cache add name=undefined spec="livedown" args=["livedown",null]
7 verbose parsed url { protocol: null,
7 verbose parsed url   slashes: null,
7 verbose parsed url   auth: null,
7 verbose parsed url   host: null,
7 verbose parsed url   port: null,
7 verbose parsed url   hostname: null,
7 verbose parsed url   hash: null,
7 verbose parsed url   search: null,
7 verbose parsed url   query: null,
7 verbose parsed url   pathname: 'livedown',
7 verbose parsed url   path: 'livedown',
7 verbose parsed url   href: 'livedown' }
8 silly lockFile 9d649552-livedown livedown
9 verbose lock livedown /home/haskell/.npm/9d649552-livedown.lock
10 silly lockFile 9d649552-livedown livedown
11 silly lockFile 9d649552-livedown livedown
12 verbose addNamed [ 'livedown', '' ]
13 verbose addNamed [ null, '*' ]
14 silly lockFile 1bf2ba60-livedown livedown@
15 verbose lock livedown@ /home/haskell/.npm/1bf2ba60-livedown.lock
16 silly addNameRange { name: 'livedown', range: '*', hasData: false }
17 verbose request where is /livedown
18 verbose request registry https://registry.npmjs.org/
19 verbose request id 67b394b878418022
20 verbose url raw /livedown
21 verbose url resolving [ 'https://registry.npmjs.org/', './livedown' ]
22 verbose url resolved https://registry.npmjs.org/livedown
23 verbose request where is https://registry.npmjs.org/livedown
24 info trying registry request attempt 1 at 09:31:19
25 http GET https://registry.npmjs.org/livedown
26 http 200 https://registry.npmjs.org/livedown
27 silly registry.get cb [ 200,
27 silly registry.get   { server: 'CouchDB/1.5.0 (Erlang OTP/R16B03)',
27 silly registry.get     etag: '"4S68GNT6GF3SIRMLLTFHL2P39"',
27 silly registry.get     'content-type': 'application/json',
27 silly registry.get     'cache-control': 'max-age=60',
27 silly registry.get     'content-length': '13308',
27 silly registry.get     'accept-ranges': 'bytes',
27 silly registry.get     date: 'Thu, 30 Jul 2015 00:01:20 GMT',
27 silly registry.get     via: '1.1 varnish',
27 silly registry.get     age: '0',
27 silly registry.get     connection: 'keep-alive',
27 silly registry.get     'x-served-by': 'cache-mel6521-MEL',
27 silly registry.get     'x-cache': 'MISS',
27 silly registry.get     'x-cache-hits': '0',
27 silly registry.get     'x-timer': 'S1438214479.821687,VS0,VE284',
27 silly registry.get     vary: 'Accept' } ]
28 silly addNameRange number 2 { name: 'livedown', range: '*', hasData: true }
29 silly addNameRange versions [ 'livedown',
29 silly addNameRange   [ '0.0.0',
29 silly addNameRange     '1.0.0',
29 silly addNameRange     '1.0.1',
29 silly addNameRange     '1.0.2',
29 silly addNameRange     '1.0.3',
29 silly addNameRange     '1.0.4',
29 silly addNameRange     '1.0.5',
29 silly addNameRange     '1.0.6',
29 silly addNameRange     '1.0.7',
29 silly addNameRange     '1.0.8' ] ]
30 verbose addNamed [ 'livedown', '1.0.8' ]
31 verbose addNamed [ '1.0.8', '1.0.8' ]
32 silly lockFile d1f17d35-livedown-1-0-8 livedown@1.0.8
33 verbose lock livedown@1.0.8 /home/haskell/.npm/d1f17d35-livedown-1-0-8.lock
34 silly lockFile 55c10499--org-livedown-livedown-1-0-8-tgz https://registry.npmjs.org/livedown/-/livedown-1.0.8.tgz
35 verbose lock https://registry.npmjs.org/livedown/-/livedown-1.0.8.tgz /home/haskell/.npm/55c10499--org-livedown-livedown-1-0-8-tgz.lock
36 verbose addRemoteTarball [ 'https://registry.npmjs.org/livedown/-/livedown-1.0.8.tgz',
36 verbose addRemoteTarball   '811c08413db1ecaf38d6ac1767f141fe1af37739' ]
37 info retry fetch attempt 1 at 09:31:20
38 verbose fetch to= /tmp/npm-12655-vSXTedWa/registry.npmjs.org/livedown/-/livedown-1.0.8.tgz
39 http GET https://registry.npmjs.org/livedown/-/livedown-1.0.8.tgz
40 http 200 https://registry.npmjs.org/livedown/-/livedown-1.0.8.tgz
41 silly lockFile 55c10499--org-livedown-livedown-1-0-8-tgz https://registry.npmjs.org/livedown/-/livedown-1.0.8.tgz
42 silly lockFile 55c10499--org-livedown-livedown-1-0-8-tgz https://registry.npmjs.org/livedown/-/livedown-1.0.8.tgz
43 silly lockFile d1f17d35-livedown-1-0-8 livedown@1.0.8
44 silly lockFile d1f17d35-livedown-1-0-8 livedown@1.0.8
45 silly lockFile 1bf2ba60-livedown livedown@
46 silly lockFile 1bf2ba60-livedown livedown@
47 silly resolved [ { name: 'livedown',
47 silly resolved     version: '1.0.8',
47 silly resolved     description: 'Live Markdown previews for your favourite editor.',
47 silly resolved     main: 'server.js',
47 silly resolved     author: { name: 'Hrvoje Simic', email: 'shime.ferovac@gmail.com' },
47 silly resolved     license: 'MIT',
47 silly resolved     dependencies:
47 silly resolved      { 'body-parser': '^1.9.2',
47 silly resolved        chokidar: '^0.12.1',
47 silly resolved        express: '^4.10.2',
47 silly resolved        marked: '^0.3.2',
47 silly resolved        minimist: '^1.1.0',
47 silly resolved        request: '^2.48.0',
47 silly resolved        'socket.io': '1.3.0' },
47 silly resolved     devDependencies: { 'expect.js': '^0.3.1', mocha: '^2.0.1', zombie: '^2.1.1' },
47 silly resolved     bin: { livedown: 'bin/livedown' },
47 silly resolved     scripts:
47 silly resolved      { test: 'node ./node_modules/.bin/mocha',
47 silly resolved        start: 'node server.js' },
47 silly resolved     repository: { type: 'git', url: 'https://github.com/shime/livedown.git' },
47 silly resolved     keywords: [ 'markdown', 'preview', 'live', 'realtime' ],
47 silly resolved     bugs: { url: 'https://github.com/shime/livedown/issues' },
47 silly resolved     homepage: 'https://github.com/shime/livedown',
47 silly resolved     gitHead: '8dcb159d87482d2d7489c9fe1aec00fbd9bace40',
47 silly resolved     _id: 'livedown@1.0.8',
47 silly resolved     _shasum: '811c08413db1ecaf38d6ac1767f141fe1af37739',
47 silly resolved     _from: 'livedown@',
47 silly resolved     _npmVersion: '1.4.28',
47 silly resolved     _npmUser: { name: 'shime', email: 'shime.ferovac@gmail.com' },
47 silly resolved     maintainers: [ [Object] ],
47 silly resolved     dist:
47 silly resolved      { shasum: '811c08413db1ecaf38d6ac1767f141fe1af37739',
47 silly resolved        tarball: 'http://registry.npmjs.org/livedown/-/livedown-1.0.8.tgz' },
47 silly resolved     directories: {},
47 silly resolved     _resolved: 'https://registry.npmjs.org/livedown/-/livedown-1.0.8.tgz' } ]
48 info install livedown@1.0.8 into /usr/lib
49 info installOne livedown@1.0.8
50 verbose lib/node_modules/livedown unbuild
51 verbose tar unpack /home/haskell/.npm/livedown/1.0.8/package.tgz
52 silly lockFile 261b2bdb-ar-usr-lib-node-modules-livedown tar:///usr/lib/node_modules/livedown
53 verbose lock tar:///usr/lib/node_modules/livedown /home/haskell/.npm/261b2bdb-ar-usr-lib-node-modules-livedown.lock
54 silly lockFile b8da3796-l-npm-livedown-1-0-8-package-tgz tar:///home/haskell/.npm/livedown/1.0.8/package.tgz
55 verbose lock tar:///home/haskell/.npm/livedown/1.0.8/package.tgz /home/haskell/.npm/b8da3796-l-npm-livedown-1-0-8-package-tgz.lock
56 silly gunzTarPerm modes [ '775', '664' ]
57 error Error: EACCES, mkdir '/usr/lib/node_modules/livedown'
57 error  { [Error: EACCES, mkdir '/usr/lib/node_modules/livedown']
57 error   errno: 3,
57 error   code: 'EACCES',
57 error   path: '/usr/lib/node_modules/livedown',
57 error   fstream_type: 'Directory',
57 error   fstream_path: '/usr/lib/node_modules/livedown',
57 error   fstream_class: 'DirWriter',
57 error   fstream_stack:
57 error    [ '/usr/lib/node_modules/npm/node_modules/fstream/lib/dir-writer.js:36:23',
57 error      '/usr/lib/node_modules/npm/node_modules/mkdirp/index.js:46:53',
57 error      'Object.oncomplete (fs.js:108:15)' ] }
58 error Please try running this command again as root/Administrator.
59 error System Linux 3.13.0-49-generic
60 error command "/usr/bin/node" "/usr/bin/npm" "install" "-g" "livedown"
61 error cwd /home/haskell/.vim/bundle
62 error node -v v0.10.37
63 error npm -v 1.4.28
64 error path /usr/lib/node_modules/livedown
65 error fstream_path /usr/lib/node_modules/livedown
66 error fstream_type Directory
67 error fstream_class DirWriter
68 error code EACCES
69 error errno 3
70 error stack Error: EACCES, mkdir '/usr/lib/node_modules/livedown'
71 error fstream_stack /usr/lib/node_modules/npm/node_modules/fstream/lib/dir-writer.js:36:23
71 error fstream_stack /usr/lib/node_modules/npm/node_modules/mkdirp/index.js:46:53
71 error fstream_stack Object.oncomplete (fs.js:108:15)
72 verbose exit [ 3, true ]
